{
  "RSpec": {
    "coverage": {
      "/Users/jackalope/turing/4-mod/projects/take-home/take-home/spec/models/customer_spec.rb": {
        "lines": [
          1,
          null,
          0,
          0,
          0,
          0,
          null,
          null,
          0,
          0,
          0,
          0,
          0,
          null,
          null
        ]
      },
      "/Users/jackalope/turing/4-mod/projects/take-home/take-home/spec/factories/customers.rb": {
        "lines": [
          1,
          1,
          1,
          1,
          1,
          1,
          null,
          null
        ]
      },
      "/Users/jackalope/turing/4-mod/projects/take-home/take-home/spec/factories/subscriptions.rb": {
        "lines": [
          1,
          1,
          1,
          1,
          1,
          1,
          1,
          1,
          null,
          null
        ]
      },
      "/Users/jackalope/turing/4-mod/projects/take-home/take-home/spec/factories/teas.rb": {
        "lines": [
          1,
          1,
          1,
          1,
          1,
          1,
          null,
          null
        ]
      }
    },
    "timestamp": 1685603563
  }
}
